C:\USERS\XUMING\DESKTOP\XPDF_VS2010-3.03\SPLASH\DEBUG\SPLASHT1FONT.OBJ
C:\USERS\XUMING\DESKTOP\XPDF_VS2010-3.03\SPLASH\DEBUG\SPLASHT1FONTENGINE.OBJ
C:\USERS\XUMING\DESKTOP\XPDF_VS2010-3.03\SPLASH\DEBUG\SPLASHT1FONTFILE.OBJ
C:\USERS\XUMING\DESKTOP\XPDF_VS2010-3.03\SPLASH\DEBUG\SPLASH.OBJ
C:\USERS\XUMING\DESKTOP\XPDF_VS2010-3.03\SPLASH\DEBUG\SPLASHBITMAP.OBJ
C:\USERS\XUMING\DESKTOP\XPDF_VS2010-3.03\SPLASH\DEBUG\SPLASHCLIP.OBJ
C:\USERS\XUMING\DESKTOP\XPDF_VS2010-3.03\SPLASH\DEBUG\SPLASHFONT.OBJ
C:\USERS\XUMING\DESKTOP\XPDF_VS2010-3.03\SPLASH\DEBUG\SPLASHFONTFILE.OBJ
C:\USERS\XUMING\DESKTOP\XPDF_VS2010-3.03\SPLASH\DEBUG\SPLASHFONTFILEID.OBJ
C:\USERS\XUMING\DESKTOP\XPDF_VS2010-3.03\SPLASH\DEBUG\SPLASHPATH.OBJ
C:\USERS\XUMING\DESKTOP\XPDF_VS2010-3.03\SPLASH\DEBUG\SPLASHPATTERN.OBJ
C:\USERS\XUMING\DESKTOP\XPDF_VS2010-3.03\SPLASH\DEBUG\SPLASHSCREEN.OBJ
C:\USERS\XUMING\DESKTOP\XPDF_VS2010-3.03\SPLASH\DEBUG\SPLASHSTATE.OBJ
C:\USERS\XUMING\DESKTOP\XPDF_VS2010-3.03\SPLASH\DEBUG\SPLASHXPATH.OBJ
C:\USERS\XUMING\DESKTOP\XPDF_VS2010-3.03\SPLASH\DEBUG\SPLASHXPATHSCANNER.OBJ
C:\USERS\XUMING\DESKTOP\XPDF_VS2010-3.03\SPLASH\DEBUG\VC110.PDB
C:\Users\xuming\Desktop\xpdf_vs2010-3.03\splash\Debug\Splash.obj
C:\Users\xuming\Desktop\xpdf_vs2010-3.03\splash\Debug\SplashBitmap.obj
C:\Users\xuming\Desktop\xpdf_vs2010-3.03\splash\Debug\SplashClip.obj
C:\Users\xuming\Desktop\xpdf_vs2010-3.03\splash\Debug\SplashFont.obj
C:\Users\xuming\Desktop\xpdf_vs2010-3.03\splash\Debug\SplashFontFile.obj
C:\Users\xuming\Desktop\xpdf_vs2010-3.03\splash\Debug\SplashFontFileID.obj
C:\Users\xuming\Desktop\xpdf_vs2010-3.03\splash\Debug\SplashPath.obj
C:\Users\xuming\Desktop\xpdf_vs2010-3.03\splash\Debug\SplashPattern.obj
C:\Users\xuming\Desktop\xpdf_vs2010-3.03\splash\Debug\SplashScreen.obj
C:\Users\xuming\Desktop\xpdf_vs2010-3.03\splash\Debug\SplashState.obj
C:\Users\xuming\Desktop\xpdf_vs2010-3.03\splash\Debug\SplashT1Font.obj
C:\Users\xuming\Desktop\xpdf_vs2010-3.03\splash\Debug\SplashT1FontEngine.obj
C:\Users\xuming\Desktop\xpdf_vs2010-3.03\splash\Debug\SplashT1FontFile.obj
C:\Users\xuming\Desktop\xpdf_vs2010-3.03\splash\Debug\SplashXPath.obj
C:\Users\xuming\Desktop\xpdf_vs2010-3.03\splash\Debug\SplashXPathScanner.obj
C:\Users\xuming\Desktop\xpdf_vs2010-3.03\splash\Debug\cl.command.1.tlog
C:\Users\xuming\Desktop\xpdf_vs2010-3.03\splash\Debug\CL.read.1.tlog
C:\Users\xuming\Desktop\xpdf_vs2010-3.03\splash\Debug\CL.write.1.tlog
C:\Users\xuming\Desktop\xpdf_vs2010-3.03\splash\Debug\vc110.idb
C:\Users\xuming\Desktop\xpdf_vs2010-3.03\splash\Debug\vc110.pdb
