C:\USERS\XUMING\DESKTOP\XPDF_VS2010-3.03\PDF2TEXT\DEBUG\NAMETOCHARCODE.OBJ
C:\USERS\XUMING\DESKTOP\XPDF_VS2010-3.03\PDF2TEXT\DEBUG\OBJECT.OBJ
C:\USERS\XUMING\DESKTOP\XPDF_VS2010-3.03\PDF2TEXT\DEBUG\OPTIONALCONTENT.OBJ
C:\USERS\XUMING\DESKTOP\XPDF_VS2010-3.03\PDF2TEXT\DEBUG\OUTLINE.OBJ
C:\USERS\XUMING\DESKTOP\XPDF_VS2010-3.03\PDF2TEXT\DEBUG\OUTPUTDEV.OBJ
C:\USERS\XUMING\DESKTOP\XPDF_VS2010-3.03\PDF2TEXT\DEBUG\PAGE.OBJ
C:\USERS\XUMING\DESKTOP\XPDF_VS2010-3.03\PDF2TEXT\DEBUG\PARSER.OBJ
C:\USERS\XUMING\DESKTOP\XPDF_VS2010-3.03\PDF2TEXT\DEBUG\PDFDETACH.OBJ
C:\USERS\XUMING\DESKTOP\XPDF_VS2010-3.03\PDF2TEXT\DEBUG\PDFDOC.OBJ
C:\USERS\XUMING\DESKTOP\XPDF_VS2010-3.03\PDF2TEXT\DEBUG\PDFDOCENCODING.OBJ
C:\USERS\XUMING\DESKTOP\XPDF_VS2010-3.03\PDF2TEXT\DEBUG\PDFTOTEXT.OBJ
C:\USERS\XUMING\DESKTOP\XPDF_VS2010-3.03\PDF2TEXT\DEBUG\PRESCANOUTPUTDEV.OBJ
C:\USERS\XUMING\DESKTOP\XPDF_VS2010-3.03\PDF2TEXT\DEBUG\PSTOKENIZER.OBJ
C:\USERS\XUMING\DESKTOP\XPDF_VS2010-3.03\PDF2TEXT\DEBUG\SECURITYHANDLER.OBJ
C:\USERS\XUMING\DESKTOP\XPDF_VS2010-3.03\PDF2TEXT\DEBUG\STREAM.OBJ
C:\USERS\XUMING\DESKTOP\XPDF_VS2010-3.03\PDF2TEXT\DEBUG\TEXTOUTPUTDEV.OBJ
C:\USERS\XUMING\DESKTOP\XPDF_VS2010-3.03\PDF2TEXT\DEBUG\UNICODEMAP.OBJ
C:\USERS\XUMING\DESKTOP\XPDF_VS2010-3.03\PDF2TEXT\DEBUG\UNICODETYPETABLE.OBJ
C:\USERS\XUMING\DESKTOP\XPDF_VS2010-3.03\PDF2TEXT\DEBUG\XPDFPLUGINAPI.OBJ
C:\USERS\XUMING\DESKTOP\XPDF_VS2010-3.03\PDF2TEXT\DEBUG\XREF.OBJ
C:\USERS\XUMING\DESKTOP\XPDF_VS2010-3.03\PDF2TEXT\DEBUG\ARRAY.OBJ
C:\USERS\XUMING\DESKTOP\XPDF_VS2010-3.03\PDF2TEXT\DEBUG\BUILTINFONT.OBJ
C:\USERS\XUMING\DESKTOP\XPDF_VS2010-3.03\PDF2TEXT\DEBUG\BUILTINFONTTABLES.OBJ
C:\USERS\XUMING\DESKTOP\XPDF_VS2010-3.03\PDF2TEXT\DEBUG\CATALOG.OBJ
C:\USERS\XUMING\DESKTOP\XPDF_VS2010-3.03\PDF2TEXT\DEBUG\CHARCODETOUNICODE.OBJ
C:\USERS\XUMING\DESKTOP\XPDF_VS2010-3.03\PDF2TEXT\DEBUG\CMAP.OBJ
C:\USERS\XUMING\DESKTOP\XPDF_VS2010-3.03\PDF2TEXT\DEBUG\DECRYPT.OBJ
C:\USERS\XUMING\DESKTOP\XPDF_VS2010-3.03\PDF2TEXT\DEBUG\DICT.OBJ
C:\USERS\XUMING\DESKTOP\XPDF_VS2010-3.03\PDF2TEXT\DEBUG\ERROR.OBJ
C:\USERS\XUMING\DESKTOP\XPDF_VS2010-3.03\PDF2TEXT\DEBUG\FONTENCODINGTABLES.OBJ
C:\USERS\XUMING\DESKTOP\XPDF_VS2010-3.03\PDF2TEXT\DEBUG\FUNCTION.OBJ
C:\USERS\XUMING\DESKTOP\XPDF_VS2010-3.03\PDF2TEXT\DEBUG\GFX.OBJ
C:\USERS\XUMING\DESKTOP\XPDF_VS2010-3.03\PDF2TEXT\DEBUG\GFXSTATE.OBJ
C:\USERS\XUMING\DESKTOP\XPDF_VS2010-3.03\PDF2TEXT\DEBUG\GLOBALPARAMS.OBJ
C:\USERS\XUMING\DESKTOP\XPDF_VS2010-3.03\PDF2TEXT\DEBUG\IMAGEOUTPUTDEV.OBJ
C:\USERS\XUMING\DESKTOP\XPDF_VS2010-3.03\PDF2TEXT\DEBUG\JARITHMETICDECODER.OBJ
C:\USERS\XUMING\DESKTOP\XPDF_VS2010-3.03\PDF2TEXT\DEBUG\JBIG2STREAM.OBJ
C:\USERS\XUMING\DESKTOP\XPDF_VS2010-3.03\PDF2TEXT\DEBUG\JPXSTREAM.OBJ
C:\USERS\XUMING\DESKTOP\XPDF_VS2010-3.03\PDF2TEXT\DEBUG\LEXER.OBJ
C:\USERS\XUMING\DESKTOP\XPDF_VS2010-3.03\PDF2TEXT\DEBUG\LINK.OBJ
C:\USERS\XUMING\DESKTOP\XPDF_VS2010-3.03\PDF2TEXT\DEBUG\ANNOT.OBJ
C:\USERS\XUMING\DESKTOP\XPDF_VS2010-3.03\PDF2TEXT\DEBUG\VC110.PDB
C:\USERS\XUMING\DESKTOP\XPDF_VS2010-3.03\PDF2TEXT\DEBUG\GFXFONT.OBJ
C:\USERS\XUMING\DESKTOP\XPDF_VS2010-3.03\DEBUG\PDF2TEXT.ILK
C:\USERS\XUMING\DESKTOP\XPDF_VS2010-3.03\DEBUG\PDF2TEXT.EXE
C:\USERS\XUMING\DESKTOP\XPDF_VS2010-3.03\DEBUG\PDF2TEXT.PDB
C:\Users\xuming\Desktop\xpdf_vs2010-3.03\pdf2text\Debug\Annot.obj
C:\Users\xuming\Desktop\xpdf_vs2010-3.03\pdf2text\Debug\Array.obj
C:\Users\xuming\Desktop\xpdf_vs2010-3.03\pdf2text\Debug\BuiltinFont.obj
C:\Users\xuming\Desktop\xpdf_vs2010-3.03\pdf2text\Debug\BuiltinFontTables.obj
C:\Users\xuming\Desktop\xpdf_vs2010-3.03\pdf2text\Debug\Catalog.obj
C:\Users\xuming\Desktop\xpdf_vs2010-3.03\pdf2text\Debug\CharCodeToUnicode.obj
C:\Users\xuming\Desktop\xpdf_vs2010-3.03\pdf2text\Debug\CMap.obj
C:\Users\xuming\Desktop\xpdf_vs2010-3.03\pdf2text\Debug\Decrypt.obj
C:\Users\xuming\Desktop\xpdf_vs2010-3.03\pdf2text\Debug\Dict.obj
C:\Users\xuming\Desktop\xpdf_vs2010-3.03\pdf2text\Debug\Error.obj
C:\Users\xuming\Desktop\xpdf_vs2010-3.03\pdf2text\Debug\FontEncodingTables.obj
C:\Users\xuming\Desktop\xpdf_vs2010-3.03\pdf2text\Debug\Function.obj
C:\Users\xuming\Desktop\xpdf_vs2010-3.03\pdf2text\Debug\Gfx.obj
C:\Users\xuming\Desktop\xpdf_vs2010-3.03\pdf2text\Debug\GfxFont.obj
C:\Users\xuming\Desktop\xpdf_vs2010-3.03\pdf2text\Debug\GfxState.obj
C:\Users\xuming\Desktop\xpdf_vs2010-3.03\pdf2text\Debug\GlobalParams.obj
C:\Users\xuming\Desktop\xpdf_vs2010-3.03\pdf2text\Debug\ImageOutputDev.obj
C:\Users\xuming\Desktop\xpdf_vs2010-3.03\pdf2text\Debug\JArithmeticDecoder.obj
C:\Users\xuming\Desktop\xpdf_vs2010-3.03\pdf2text\Debug\JBIG2Stream.obj
C:\Users\xuming\Desktop\xpdf_vs2010-3.03\pdf2text\Debug\JPXStream.obj
C:\Users\xuming\Desktop\xpdf_vs2010-3.03\pdf2text\Debug\Lexer.obj
C:\Users\xuming\Desktop\xpdf_vs2010-3.03\pdf2text\Debug\Link.obj
C:\Users\xuming\Desktop\xpdf_vs2010-3.03\pdf2text\Debug\NameToCharCode.obj
C:\Users\xuming\Desktop\xpdf_vs2010-3.03\pdf2text\Debug\Object.obj
C:\Users\xuming\Desktop\xpdf_vs2010-3.03\pdf2text\Debug\OptionalContent.obj
C:\Users\xuming\Desktop\xpdf_vs2010-3.03\pdf2text\Debug\Outline.obj
C:\Users\xuming\Desktop\xpdf_vs2010-3.03\pdf2text\Debug\OutputDev.obj
C:\Users\xuming\Desktop\xpdf_vs2010-3.03\pdf2text\Debug\Page.obj
C:\Users\xuming\Desktop\xpdf_vs2010-3.03\pdf2text\Debug\Parser.obj
C:\Users\xuming\Desktop\xpdf_vs2010-3.03\pdf2text\Debug\pdfdetach.obj
C:\Users\xuming\Desktop\xpdf_vs2010-3.03\pdf2text\Debug\PDFDoc.obj
C:\Users\xuming\Desktop\xpdf_vs2010-3.03\pdf2text\Debug\PDFDocEncoding.obj
C:\Users\xuming\Desktop\xpdf_vs2010-3.03\pdf2text\Debug\pdftotext.obj
C:\Users\xuming\Desktop\xpdf_vs2010-3.03\pdf2text\Debug\PreScanOutputDev.obj
C:\Users\xuming\Desktop\xpdf_vs2010-3.03\pdf2text\Debug\PSTokenizer.obj
C:\Users\xuming\Desktop\xpdf_vs2010-3.03\pdf2text\Debug\SecurityHandler.obj
C:\Users\xuming\Desktop\xpdf_vs2010-3.03\pdf2text\Debug\Stream.obj
C:\Users\xuming\Desktop\xpdf_vs2010-3.03\pdf2text\Debug\TextOutputDev.obj
C:\Users\xuming\Desktop\xpdf_vs2010-3.03\pdf2text\Debug\UnicodeMap.obj
C:\Users\xuming\Desktop\xpdf_vs2010-3.03\pdf2text\Debug\UnicodeTypeTable.obj
C:\Users\xuming\Desktop\xpdf_vs2010-3.03\pdf2text\Debug\XpdfPluginAPI.obj
C:\Users\xuming\Desktop\xpdf_vs2010-3.03\pdf2text\Debug\XRef.obj
C:\Users\xuming\Desktop\xpdf_vs2010-3.03\pdf2text\Debug\cl.command.1.tlog
C:\Users\xuming\Desktop\xpdf_vs2010-3.03\pdf2text\Debug\CL.read.1.tlog
C:\Users\xuming\Desktop\xpdf_vs2010-3.03\pdf2text\Debug\CL.write.1.tlog
C:\Users\xuming\Desktop\xpdf_vs2010-3.03\pdf2text\Debug\link-cvtres.read.1.tlog
C:\Users\xuming\Desktop\xpdf_vs2010-3.03\pdf2text\Debug\link-cvtres.write.1.tlog
C:\Users\xuming\Desktop\xpdf_vs2010-3.03\pdf2text\Debug\link-rc.read.1.tlog
C:\Users\xuming\Desktop\xpdf_vs2010-3.03\pdf2text\Debug\link-rc.write.1.tlog
C:\Users\xuming\Desktop\xpdf_vs2010-3.03\pdf2text\Debug\link.command.1.tlog
C:\Users\xuming\Desktop\xpdf_vs2010-3.03\pdf2text\Debug\link.read.1.tlog
C:\Users\xuming\Desktop\xpdf_vs2010-3.03\pdf2text\Debug\link.write.1.tlog
C:\Users\xuming\Desktop\xpdf_vs2010-3.03\pdf2text\Debug\vc110.idb
C:\Users\xuming\Desktop\xpdf_vs2010-3.03\pdf2text\Debug\vc110.pdb
C:\Users\xuming\Desktop\xpdf_vs2010-3.03\Debug\pdf2text.pdb
C:\Users\xuming\Desktop\xpdf_vs2010-3.03\Debug\pdf2text.exe
C:\Users\xuming\Desktop\xpdf_vs2010-3.03\Debug\pdf2text.ilk
